LibrarySystem07-Android/app/build/intermediates/manifest_merge_blame_file/debug/manifest-merger-blame-debug-report.txt
1<?xml version="1.0" encoding="utf-8"?>
2<manifest xmlns:android="http://schemas.android.com/apk/res/android"
3    package="ca.mcgill.ecse321.librarysystem07"
4    android:versionCode="1"
5    android:versionName="1.0" >
6
7    <uses-sdk
8        android:minSdkVersion="21"
8-->src/main/AndroidManifest.xml
9        android:targetSdkVersion="31" />
9-->src/main/AndroidManifest.xml
10
11    <uses-permission android:name="android.permission.INTERNET" />
11-->src/main/AndroidManifest.xml:5:5-67
11-->src/main/AndroidManifest.xml:5:22-64
12
13    <application
13-->src/main/AndroidManifest.xml:7:5-35:19
14        android:allowBackup="true"
14-->src/main/AndroidManifest.xml:8:9-35
15        android:appComponentFactory="androidx.core.app.CoreComponentFactory"
15-->[androidx.core:core:1.3.1] AndroidManifest.xml:24:18-86
16        android:debuggable="true"
17        android:icon="@mipmap/ic_launcher"
17-->src/main/AndroidManifest.xml:9:9-43
18        android:label="@string/app_name"
18-->src/main/AndroidManifest.xml:10:9-41
19        android:roundIcon="@mipmap/ic_launcher_round"
19-->src/main/AndroidManifest.xml:11:9-54
20        android:supportsRtl="true"
20-->src/main/AndroidManifest.xml:12:9-35
21        android:testOnly="true"
22        android:theme="@style/Theme.LibrarySystem07Android" >
22-->src/main/AndroidManifest.xml:13:9-60
23        <activity
23-->src/main/AndroidManifest.xml:14:9-16:40
24            android:name="ca.mcgill.ecse321.librarysystem07.AfterLogIn"
24-->src/main/AndroidManifest.xml:15:13-39
25            android:exported="false" />
25-->src/main/AndroidManifest.xml:16:13-37
26        <activity
26-->src/main/AndroidManifest.xml:17:9-19:40
27            android:name="ca.mcgill.ecse321.librarysystem07.BrowseActivity"
27-->src/main/AndroidManifest.xml:18:13-43
28            android:exported="false" />
28-->src/main/AndroidManifest.xml:19:13-37
29        <activity
29-->src/main/AndroidManifest.xml:20:9-23:48
30            android:name="ca.mcgill.ecse321.librarysystem07.HomePage"
30-->src/main/AndroidManifest.xml:21:13-37
31            android:exported="false"
31-->src/main/AndroidManifest.xml:22:13-37
32            android:label="@string/app_name" />
32-->src/main/AndroidManifest.xml:23:13-45
33        <activity
33-->src/main/AndroidManifest.xml:24:9-34:20
34            android:name="ca.mcgill.ecse321.librarysystem07.MainActivity"
34-->src/main/AndroidManifest.xml:25:13-41
35            android:exported="true"
35-->src/main/AndroidManifest.xml:26:13-36
36            android:label="@string/app_name"
36-->src/main/AndroidManifest.xml:27:13-45
37            android:theme="@style/Theme.LibrarySystem07Android.NoActionBar" >
37-->src/main/AndroidManifest.xml:28:13-76
38            <intent-filter>
38-->src/main/AndroidManifest.xml:29:13-33:29
39                <action android:name="android.intent.action.MAIN" />
39-->src/main/AndroidManifest.xml:30:17-69
39-->src/main/AndroidManifest.xml:30:25-66
40
41                <category android:name="android.intent.category.LAUNCHER" />
41-->src/main/AndroidManifest.xml:32:17-77
41-->src/main/AndroidManifest.xml:32:27-74
42            </intent-filter>
43        </activity>
44    </application>
45
46</manifest>